6
89
1
1
1
121393
19169280
1
0
0
2
1
625
1698693120
1274019840
1194393600
1528823808
-2145058816
1698693120
1146617856
-2001731584
2038431744
1274019840
-2001731584
1811939328
679477248
1358954496
1698693120
1433272320
764411904
1698693120
1887436800
-2001731584
1415577600
754974720
1358954496
1358954496
1132462080
1698693120
573308928
-1577058304
1509949440
2038431744
1358954496
-1879048192
1358954496
-1463812096
1194393600
679477248
1791590400
-1778384896
-2086666240
1911029760
-2145058816
-218103808
2038431744
-1577058304
2038431744
1811939328
1911029760
-2001731584
1528823808
-2001731584
2038431744
1433272320
1791590400
1528823808
1528823808
1146617856
-1109917696
1358954496
1572864000
1194393600
1592524800
-1746927616
1528823808
1179648000
1528823808
1358954496
2038431744
1132462080
1258291200
1207959552
1509949440
1698693120
1274019840
573308928
2038431744
637009920
1472200704
1911029760
